<?xml version="1.0" encoding="UTF-8"?>
<testsuite name="Verificar el diligenciamiento de la pantalla Block Validation" tests="2" skipped="0" failures="0" errors="0" timestamp="2022-02-14T22:08:46" hostname="LAPTOP-43Q1BS1L" time="40.896">
  <properties/>
  <testcase name="diligenciamiento exitoso formulario block validation" classname="Verificar el diligenciamiento de la pantalla Block Validation" time="24.404"/>
  <testcase name="diligenciamiento fallido formulario block validation" classname="Verificar el diligenciamiento de la pantalla Block Validation" time="16.484"/>
  <system-out><![CDATA[]]></system-out>
  <system-err><![CDATA[feb 14, 2022 5:08:46 PM org.openqa.selenium.remote.DesiredCapabilities chrome
INFORMACIÓN: Using `new ChromeOptions()` is preferred to `DesiredCapabilities.chrome()`
Starting ChromeDriver 98.0.4758.80 (7f0488e8ba0d8e019187c6325a16c29d9b7f4989-refs/branch-heads/4758@{#972}) on port 46953
Only local connections are allowed.
Please see https://chromedriver.chromium.org/security-considerations for suggestions on keeping ChromeDriver safe.
ChromeDriver was started successfully.
feb 14, 2022 5:08:50 PM org.openqa.selenium.remote.ProtocolHandshake createSession
INFORMACIÓN: Detected dialect: W3C
[Test worker] INFO net.serenitybdd.core.Serenity - 
        __    _____ _____ ____ _____   ____   _    ____  ____  _____ ____  
  _     \ \  |_   _| ____/ ___|_   _| |  _ \ / \  / ___|/ ___|| ____|  _ \ 
 (_)_____| |   | | |  _| \___ \ | |   | |_) / _ \ \___ \\___ \|  _| | | | |
  _|_____| |   | | | |___ ___) || |   |  __/ ___ \ ___) |___) | |___| |_| |
 (_)     | |   |_| |_____|____/ |_|   |_| /_/   \_\____/|____/|_____|____/ 
        /_/                                                                

TEST PASSED: diligenciamiento exitoso formulario block validation
----------------------------------------------------------------------------
feb 14, 2022 5:09:10 PM org.openqa.selenium.remote.DesiredCapabilities chrome
INFORMACIÓN: Using `new ChromeOptions()` is preferred to `DesiredCapabilities.chrome()`
feb 14, 2022 5:09:13 PM org.openqa.selenium.remote.ProtocolHandshake createSession
INFORMACIÓN: Detected dialect: W3C
[Test worker] INFO net.serenitybdd.core.Serenity - 
        __    _____ _____ ____ _____   ____   _    ____  ____  _____ ____  
  _     \ \  |_   _| ____/ ___|_   _| |  _ \ / \  / ___|/ ___|| ____|  _ \ 
 (_)_____| |   | | |  _| \___ \ | |   | |_) / _ \ \___ \\___ \|  _| | | | |
  _|_____| |   | | | |___ ___) || |   |  __/ ___ \ ___) |___) | |___| |_| |
 (_)     | |   |_| |_____|____/ |_|   |_| /_/   \_\____/|____/|_____|____/ 
        /_/                                                                

TEST PASSED: diligenciamiento fallido formulario block validation
----------------------------------------------------------------------------
]]></system-err>
</testsuite>
